<?xml version="1.0" encoding="UTF-8"?>
<testsuite name="jrails.HtmlTest" tests="1" skipped="0" failures="0" errors="0" timestamp="2020-04-19T10:35:53" hostname="Christians-MacBook-Pro-2.local" time="0.0">
  <properties/>
  <testcase name="empty" classname="jrails.HtmlTest" time="0.0"/>
  <system-out><![CDATA[]]></system-out>
  <system-err><![CDATA[]]></system-err>
</testsuite>
